<?xml version="1.0" encoding="UTF-8"?>
<!-- Generated by org.testng.reporters.JUnitXMLReporter -->
<testsuite ignored="5" hostname="NP2008" failures="0" tests="1" name="caseScriptTest" time="6.153" errors="0" timestamp="2022-09-27T20:33:55 EDT">
  <testcase classname="SFProject.utility.test.CaseScript" name="T2sf" time="1.606"/>
  <testcase classname="SFProject.utility.test.CaseScript" name="T3sf" time="0.0">
    <ignored/>
  </testcase> <!-- T3sf -->
  <testcase classname="SFProject.utility.test.CaseScript" name="T1sf" time="0.0">
    <ignored/>
  </testcase> <!-- T1sf -->
  <testcase classname="SFProject.utility.test.CaseScript" name="T5sf" time="0.0">
    <ignored/>
  </testcase> <!-- T5sf -->
  <testcase classname="SFProject.utility.test.CaseScript" name="T4bsf" time="0.0">
    <ignored/>
  </testcase> <!-- T4bsf -->
  <testcase classname="SFProject.utility.test.CaseScript" name="T4asf" time="0.0">
    <ignored/>
  </testcase> <!-- T4asf -->
</testsuite> <!-- caseScriptTest -->
