<?xml version="1.0" encoding="UTF-8"?>
<!-- Generated by org.testng.reporters.JUnitXMLReporter -->
<testsuite ignored="0" hostname="NP2008" failures="0" tests="5" name="Test" time="29.034" errors="0" timestamp="2022-10-02T22:49:54 EDT">
  <testcase classname="SFProject.utility.test.AutomationCaseScript" name="invalidloginToSalesForseTest1" time="0.334"/>
  <testcase classname="SFProject.utility.test.AutomationCaseScript" name="loginToSalesForceTest5" time="3.967"/>
  <testcase classname="SFProject.utility.test.AutomationCaseScript" name="loginToSalesForceTest3" time="3.848"/>
  <testcase classname="SFProject.utility.test.AutomationCaseScript" name="loginToSalesForceTest4a" time="0.828"/>
  <testcase classname="SFProject.utility.test.AutomationCaseScript" name="invalidloginToSalesForseTest4b" time="0.438"/>
</testsuite> <!-- Test -->
