<?xml version="1.0" encoding="UTF-8"?>
<testng-results ignored="0" total="5" passed="5" failed="0" skipped="0">
  <reporter-output>
  </reporter-output>
  <suite started-at="2022-10-02T22:49:25 EDT" name="Suite" finished-at="2022-10-02T22:49:54 EDT" duration-ms="29034">
    <groups>
    </groups>
    <test started-at="2022-10-02T22:49:25 EDT" name="Test" finished-at="2022-10-02T22:49:54 EDT" duration-ms="29034">
      <class name="SFProject.utility.test.AutomationCaseScript">
        <test-method is-config="true" signature="setupBeforeTest()[pri:0, instance:SFProject.utility.test.AutomationCaseScript@67d18ed7]" started-at="2022-10-02T22:49:25 EDT" name="setupBeforeTest" finished-at="2022-10-02T22:49:25 EDT" duration-ms="107" status="PASS">
          <reporter-output>
          </reporter-output>
        </test-method> <!-- setupBeforeTest -->
        <test-method is-config="true" signature="setUp(java.lang.String,java.lang.reflect.Method)[pri:0, instance:SFProject.utility.test.AutomationCaseScript@67d18ed7]" started-at="2022-10-02T22:49:25 EDT" name="setUp" finished-at="2022-10-02T22:49:29 EDT" duration-ms="4502" status="PASS">
          <params>
            <param index="0">
              <value>
                <![CDATA[firefox]]>
              </value>
            </param>
            <param index="1">
              <value>
                <![CDATA[public static void SFProject.utility.test.AutomationCaseScript.invalidloginToSalesForseTest1() throws java.lang.InterruptedException]]>
              </value>
            </param>
          </params>
          <reporter-output>
          </reporter-output>
        </test-method> <!-- setUp -->
        <test-method signature="invalidloginToSalesForseTest1()[pri:0, instance:SFProject.utility.test.AutomationCaseScript@67d18ed7]" started-at="2022-10-02T22:49:29 EDT" name="invalidloginToSalesForseTest1" finished-at="2022-10-02T22:49:30 EDT" duration-ms="334" status="PASS">
          <reporter-output>
          </reporter-output>
        </test-method> <!-- invalidloginToSalesForseTest1 -->
        <test-method is-config="true" signature="tearDown()[pri:0, instance:SFProject.utility.test.AutomationCaseScript@67d18ed7]" started-at="2022-10-02T22:49:30 EDT" name="tearDown" finished-at="2022-10-02T22:49:30 EDT" duration-ms="633" status="PASS">
          <reporter-output>
          </reporter-output>
        </test-method> <!-- tearDown -->
        <test-method is-config="true" signature="setUp(java.lang.String,java.lang.reflect.Method)[pri:0, instance:SFProject.utility.test.AutomationCaseScript@67d18ed7]" started-at="2022-10-02T22:49:30 EDT" name="setUp" finished-at="2022-10-02T22:49:33 EDT" duration-ms="2972" status="PASS">
          <params>
            <param index="0">
              <value>
                <![CDATA[firefox]]>
              </value>
            </param>
            <param index="1">
              <value>
                <![CDATA[public static void SFProject.utility.test.AutomationCaseScript.loginToSalesForceTest5() throws java.lang.InterruptedException]]>
              </value>
            </param>
          </params>
          <reporter-output>
          </reporter-output>
        </test-method> <!-- setUp -->
        <test-method signature="loginToSalesForceTest5()[pri:0, instance:SFProject.utility.test.AutomationCaseScript@67d18ed7]" started-at="2022-10-02T22:49:33 EDT" name="loginToSalesForceTest5" finished-at="2022-10-02T22:49:37 EDT" duration-ms="3967" status="PASS">
          <reporter-output>
          </reporter-output>
        </test-method> <!-- loginToSalesForceTest5 -->
        <test-method is-config="true" signature="tearDown()[pri:0, instance:SFProject.utility.test.AutomationCaseScript@67d18ed7]" started-at="2022-10-02T22:49:37 EDT" name="tearDown" finished-at="2022-10-02T22:49:38 EDT" duration-ms="826" status="PASS">
          <reporter-output>
          </reporter-output>
        </test-method> <!-- tearDown -->
        <test-method is-config="true" signature="setUp(java.lang.String,java.lang.reflect.Method)[pri:0, instance:SFProject.utility.test.AutomationCaseScript@67d18ed7]" started-at="2022-10-02T22:49:38 EDT" name="setUp" finished-at="2022-10-02T22:49:41 EDT" duration-ms="2674" status="PASS">
          <params>
            <param index="0">
              <value>
                <![CDATA[firefox]]>
              </value>
            </param>
            <param index="1">
              <value>
                <![CDATA[public static void SFProject.utility.test.AutomationCaseScript.loginToSalesForceTest3() throws java.lang.InterruptedException]]>
              </value>
            </param>
          </params>
          <reporter-output>
          </reporter-output>
        </test-method> <!-- setUp -->
        <test-method signature="loginToSalesForceTest3()[pri:0, instance:SFProject.utility.test.AutomationCaseScript@67d18ed7]" started-at="2022-10-02T22:49:41 EDT" name="loginToSalesForceTest3" finished-at="2022-10-02T22:49:45 EDT" duration-ms="3848" status="PASS">
          <reporter-output>
          </reporter-output>
        </test-method> <!-- loginToSalesForceTest3 -->
        <test-method is-config="true" signature="tearDown()[pri:0, instance:SFProject.utility.test.AutomationCaseScript@67d18ed7]" started-at="2022-10-02T22:49:45 EDT" name="tearDown" finished-at="2022-10-02T22:49:45 EDT" duration-ms="848" status="PASS">
          <reporter-output>
          </reporter-output>
        </test-method> <!-- tearDown -->
        <test-method is-config="true" signature="setUp(java.lang.String,java.lang.reflect.Method)[pri:0, instance:SFProject.utility.test.AutomationCaseScript@67d18ed7]" started-at="2022-10-02T22:49:45 EDT" name="setUp" finished-at="2022-10-02T22:49:48 EDT" duration-ms="2549" status="PASS">
          <params>
            <param index="0">
              <value>
                <![CDATA[firefox]]>
              </value>
            </param>
            <param index="1">
              <value>
                <![CDATA[public static void SFProject.utility.test.AutomationCaseScript.loginToSalesForceTest4a() throws java.lang.InterruptedException]]>
              </value>
            </param>
          </params>
          <reporter-output>
          </reporter-output>
        </test-method> <!-- setUp -->
        <test-method signature="loginToSalesForceTest4a()[pri:0, instance:SFProject.utility.test.AutomationCaseScript@67d18ed7]" started-at="2022-10-02T22:49:48 EDT" name="loginToSalesForceTest4a" finished-at="2022-10-02T22:49:49 EDT" duration-ms="828" status="PASS">
          <reporter-output>
          </reporter-output>
        </test-method> <!-- loginToSalesForceTest4a -->
        <test-method is-config="true" signature="tearDown()[pri:0, instance:SFProject.utility.test.AutomationCaseScript@67d18ed7]" started-at="2022-10-02T22:49:49 EDT" name="tearDown" finished-at="2022-10-02T22:49:50 EDT" duration-ms="669" status="PASS">
          <reporter-output>
          </reporter-output>
        </test-method> <!-- tearDown -->
        <test-method is-config="true" signature="setUp(java.lang.String,java.lang.reflect.Method)[pri:0, instance:SFProject.utility.test.AutomationCaseScript@67d18ed7]" started-at="2022-10-02T22:49:50 EDT" name="setUp" finished-at="2022-10-02T22:49:52 EDT" duration-ms="2858" status="PASS">
          <params>
            <param index="0">
              <value>
                <![CDATA[firefox]]>
              </value>
            </param>
            <param index="1">
              <value>
                <![CDATA[public static void SFProject.utility.test.AutomationCaseScript.invalidloginToSalesForseTest4b() throws java.lang.InterruptedException]]>
              </value>
            </param>
          </params>
          <reporter-output>
          </reporter-output>
        </test-method> <!-- setUp -->
        <test-method signature="invalidloginToSalesForseTest4b()[pri:0, instance:SFProject.utility.test.AutomationCaseScript@67d18ed7]" started-at="2022-10-02T22:49:52 EDT" name="invalidloginToSalesForseTest4b" finished-at="2022-10-02T22:49:53 EDT" duration-ms="438" status="PASS">
          <reporter-output>
          </reporter-output>
        </test-method> <!-- invalidloginToSalesForseTest4b -->
        <test-method is-config="true" signature="tearDown()[pri:0, instance:SFProject.utility.test.AutomationCaseScript@67d18ed7]" started-at="2022-10-02T22:49:53 EDT" name="tearDown" finished-at="2022-10-02T22:49:54 EDT" duration-ms="723" status="PASS">
          <reporter-output>
          </reporter-output>
        </test-method> <!-- tearDown -->
        <test-method is-config="true" signature="teardownAfterTest()[pri:0, instance:SFProject.utility.test.AutomationCaseScript@67d18ed7]" started-at="2022-10-02T22:49:54 EDT" name="teardownAfterTest" finished-at="2022-10-02T22:49:54 EDT" duration-ms="220" status="PASS">
          <reporter-output>
          </reporter-output>
        </test-method> <!-- teardownAfterTest -->
      </class> <!-- SFProject.utility.test.AutomationCaseScript -->
    </test> <!-- Test -->
  </suite> <!-- Suite -->
</testng-results>
